    OpenRGB v0.9
    Commit: b5f46e3f1de03595656c682fc2f068b66e735e63 from 2023-07-09 22:51:47 -0500
    Launched: 20240315_214318
====================================================================================================

1016  |Info:    ------------------------------------------------------
1016  |Info:    |               Start device detection               |
1016  |Info:    ------------------------------------------------------
1025  |Info:    Initializing HID interfaces: Success
1031  |Info:    ------------------------------------------------------
1031  |Info:    |             Detecting I2C interfaces               |
1031  |Info:    ------------------------------------------------------
1031  |Info:    ------------------------------------------------------
1031  |Info:    |               Detecting I2C devices                |
1031  |Info:    ------------------------------------------------------
1032  |Info:    ------------------------------------------------------
1032  |Info:    |               Detecting I2C PCI devices            |
1032  |Info:    ------------------------------------------------------
1033  |Info:    ------------------------------------------------------
1033  |Info:    |               Detecting HID devices                |
1033  |Info:    ------------------------------------------------------
1324  |Info:    ------------------------------------------------------
1324  |Info:    |              Detecting other devices               |
1324  |Info:    ------------------------------------------------------
1328  |Info:    ------------------------------------------------------
1328  |Info:    |                Detection completed                 |
1328  |Info:    ------------------------------------------------------
