    OpenRGB v0.9
    Commit: b5f46e3f1de03595656c682fc2f068b66e735e63 from 2023-07-09 22:51:47 -0500
    Launched: 20240315_214246
====================================================================================================

1023  |Info:    Saving detector settings
1028  |Info:    ------------------------------------------------------
1028  |Info:    |               Start device detection               |
1028  |Info:    ------------------------------------------------------
1044  |Info:    Initializing HID interfaces: Success
1056  |Info:    ------------------------------------------------------
1056  |Info:    |             Detecting I2C interfaces               |
1056  |Info:    ------------------------------------------------------
1056  |Info:    ------------------------------------------------------
1056  |Info:    |               Detecting I2C devices                |
1056  |Info:    ------------------------------------------------------
1058  |Info:    ------------------------------------------------------
1058  |Info:    |               Detecting I2C PCI devices            |
1058  |Info:    ------------------------------------------------------
1060  |Info:    ------------------------------------------------------
1060  |Info:    |               Detecting HID devices                |
1060  |Info:    ------------------------------------------------------
1315  |Info:    ------------------------------------------------------
1316  |Info:    |              Detecting other devices               |
1316  |Info:    ------------------------------------------------------
1322  |Info:    ------------------------------------------------------
1322  |Info:    |                Detection completed                 |
1322  |Info:    ------------------------------------------------------
