    OpenRGB v0.9
    Commit: b5f46e3f1de03595656c682fc2f068b66e735e63 from 2023-07-09 22:51:47 -0500
    Launched: 20240315_214304
====================================================================================================

1012  |Info:    ------------------------------------------------------
1012  |Info:    |               Start device detection               |
1012  |Info:    ------------------------------------------------------
1029  |Info:    Initializing HID interfaces: Success
1035  |Info:    ------------------------------------------------------
1035  |Info:    |             Detecting I2C interfaces               |
1035  |Info:    ------------------------------------------------------
1035  |Info:    ------------------------------------------------------
1035  |Info:    |               Detecting I2C devices                |
1035  |Info:    ------------------------------------------------------
1036  |Info:    ------------------------------------------------------
1036  |Info:    |               Detecting I2C PCI devices            |
1036  |Info:    ------------------------------------------------------
1037  |Info:    ------------------------------------------------------
1037  |Info:    |               Detecting HID devices                |
1037  |Info:    ------------------------------------------------------
1102  |Info:    ------------------------------------------------------
1103  |Info:    |              Detecting other devices               |
1103  |Info:    ------------------------------------------------------
1108  |Info:    ------------------------------------------------------
1108  |Info:    |                Detection completed                 |
1108  |Info:    ------------------------------------------------------
